[     306ms] [ERROR] Failed to load resource: the server responded with a status of 404 (Not Found) @ http://localhost:3010/favicon.ico:0
[   87648ms] [WARNING] Image with src "/api/uploads/seed/0e55ee54-50da-4835-a20b-ae9be502fe84.jpg" was detected as the Largest Contentful Paint (LCP). Please add the `loading="eager"` property if this image is above the fold.
Read more: https://nextjs.org/docs/app/api-reference/components/image#loading @ http://localhost:3010/_next/static/chunks/node_modules_next_dist_f3530cac._.js:2297
[  477986ms] [WARNING] Image with src "/api/uploads/seed/a7efb45a-70b1-4e8a-8862-57f408f7c434.jpg" was detected as the Largest Contentful Paint (LCP). Please add the `loading="eager"` property if this image is above the fold.
Read more: https://nextjs.org/docs/app/api-reference/components/image#loading @ http://localhost:3010/_next/static/chunks/node_modules_next_dist_f3530cac._.js:2297
[19801821ms] [WARNING] Image with src "/api/uploads/seed/a7efb45a-70b1-4e8a-8862-57f408f7c434.jpg" was detected as the Largest Contentful Paint (LCP). Please add the `loading="eager"` property if this image is above the fold.
Read more: https://nextjs.org/docs/app/api-reference/components/image#loading @ http://localhost:3010/_next/static/chunks/node_modules_next_dist_f3530cac._.js:2297
[20452533ms] [WARNING] Image with src "/api/uploads/seed/8885c546-e4dc-4981-ad29-ca7090edf8e4.jpg" was detected as the Largest Contentful Paint (LCP). Please add the `loading="eager"` property if this image is above the fold.
Read more: https://nextjs.org/docs/app/api-reference/components/image#loading @ http://localhost:3010/_next/static/chunks/node_modules_next_dist_f3530cac._.js:2297
[20902573ms] [WARNING] Image with src "/api/uploads/seed/a7efb45a-70b1-4e8a-8862-57f408f7c434.jpg" was detected as the Largest Contentful Paint (LCP). Please add the `loading="eager"` property if this image is above the fold.
Read more: https://nextjs.org/docs/app/api-reference/components/image#loading @ http://localhost:3010/_next/static/chunks/node_modules_next_dist_f3530cac._.js:2297
[20902681ms] [WARNING] Image with src "/api/uploads/seed/1d83018b-0973-4a15-9cbf-2c50c16e4495.jpg" was detected as the Largest Contentful Paint (LCP). Please add the `loading="eager"` property if this image is above the fold.
Read more: https://nextjs.org/docs/app/api-reference/components/image#loading @ http://localhost:3010/_next/static/chunks/node_modules_next_dist_f3530cac._.js:2297
[21616436ms] [ERROR] %o

%s ReferenceError: AnimatedText is not defined
    at CraftsmanshipSection (http://localhost:3010/_next/static/chunks/src_components_public_c50c595a._.js?id=%255Bproject%255D%252Fsrc%252Fcomponents%252Fpublic%252FCraftsmanshipSection.tsx+%255Bapp-client%255D+%2528ecmascript%2529:52:228)
    at Object.react_stack_bottom_frame (http://localhost:3010/_next/static/chunks/node_modules_next_dist_compiled_react-dom_1e674e59._.js:14826:24)
    at renderWithHooks (http://localhost:3010/_next/static/chunks/node_modules_next_dist_compiled_react-dom_1e674e59._.js:4651:24)
    at updateFunctionComponent (http://localhost:3010/_next/static/chunks/node_modules_next_dist_compiled_react-dom_1e674e59._.js:6112:21)
    at beginWork (http://localhost:3010/_next/static/chunks/node_modules_next_dist_compiled_react-dom_1e674e59._.js:6708:24)
    at runWithFiberInDEV (http://localhost:3010/_next/static/chunks/node_modules_next_dist_compiled_react-dom_1e674e59._.js:965:74)
    at performUnitOfWork (http://localhost:3010/_next/static/chunks/node_modules_next_dist_compiled_react-dom_1e674e59._.js:9562:97)
    at workLoopSync (http://localhost:3010/_next/static/chunks/node_modules_next_dist_compiled_react-dom_1e674e59._.js:9456:40)
    at renderRootSync (http://localhost:3010/_next/static/chunks/node_modules_next_dist_compiled_react-dom_1e674e59._.js:9440:13)
    at performWorkOnRoot (http://localhost:3010/_next/static/chunks/node_modules_next_dist_compiled_react-dom_1e674e59._.js:9105:47)
    at performSyncWorkOnRoot (http://localhost:3010/_next/static/chunks/node_modules_next_dist_compiled_react-dom_1e674e59._.js:10238:9)
    at flushSyncWorkAcrossRoots_impl (http://localhost:3010/_next/static/chunks/node_modules_next_dist_compiled_react-dom_1e674e59._.js:10154:316)
    at flushSyncWork$1 (http://localhost:3010/_next/static/chunks/node_modules_next_dist_compiled_react-dom_1e674e59._.js:9237:86)
    at Object.scheduleRefresh (http://localhost:3010/_next/static/chunks/node_modules_next_dist_compiled_react-dom_1e674e59._.js:299:13)
    at http://localhost:3010/_next/static/chunks/node_modules_next_dist_compiled_a0e4c7b4._.js:391:33
    at Set.forEach (<anonymous>)
    at Object.performReactRefresh (http://localhost:3010/_next/static/chunks/node_modules_next_dist_compiled_a0e4c7b4._.js:384:38)
    at applyUpdate (http://localhost:3010/_next/static/chunks/node_modules_next_dist_compiled_a0e4c7b4._.js:878:31)
    at http://localhost:3010/_next/static/chunks/node_modules_next_dist_compiled_a0e4c7b4._.js:886:13 The above error occurred in the <CraftsmanshipSection> component. It was handled by the <ErrorBoundaryHandler> error boundary. @ http://localhost:3010/_next/static/chunks/node_modules_next_dist_client_17643121._.js:1342
[21618564ms] [ERROR] %o

%s ReferenceError: AnimatedText is not defined
    at CraftsmanshipSection (http://localhost:3010/_next/static/chunks/src_components_public_c50c595a._.js?id=%255Bproject%255D%252Fsrc%252Fcomponents%252Fpublic%252FCraftsmanshipSection.tsx+%255Bapp-client%255D+%2528ecmascript%2529:52:228)
    at Object.react_stack_bottom_frame (http://localhost:3010/_next/static/chunks/node_modules_next_dist_compiled_react-dom_1e674e59._.js:14826:24)
    at renderWithHooks (http://localhost:3010/_next/static/chunks/node_modules_next_dist_compiled_react-dom_1e674e59._.js:4651:24)
    at updateFunctionComponent (http://localhost:3010/_next/static/chunks/node_modules_next_dist_compiled_react-dom_1e674e59._.js:6112:21)
    at beginWork (http://localhost:3010/_next/static/chunks/node_modules_next_dist_compiled_react-dom_1e674e59._.js:6708:24)
    at runWithFiberInDEV (http://localhost:3010/_next/static/chunks/node_modules_next_dist_compiled_react-dom_1e674e59._.js:965:74)
    at performUnitOfWork (http://localhost:3010/_next/static/chunks/node_modules_next_dist_compiled_react-dom_1e674e59._.js:9562:97)
    at workLoopSync (http://localhost:3010/_next/static/chunks/node_modules_next_dist_compiled_react-dom_1e674e59._.js:9456:40)
    at renderRootSync (http://localhost:3010/_next/static/chunks/node_modules_next_dist_compiled_react-dom_1e674e59._.js:9440:13)
    at performWorkOnRoot (http://localhost:3010/_next/static/chunks/node_modules_next_dist_compiled_react-dom_1e674e59._.js:9105:47)
    at performSyncWorkOnRoot (http://localhost:3010/_next/static/chunks/node_modules_next_dist_compiled_react-dom_1e674e59._.js:10238:9)
    at flushSyncWorkAcrossRoots_impl (http://localhost:3010/_next/static/chunks/node_modules_next_dist_compiled_react-dom_1e674e59._.js:10154:316)
    at flushSyncWork$1 (http://localhost:3010/_next/static/chunks/node_modules_next_dist_compiled_react-dom_1e674e59._.js:9237:86)
    at Object.scheduleRefresh (http://localhost:3010/_next/static/chunks/node_modules_next_dist_compiled_react-dom_1e674e59._.js:299:13)
    at http://localhost:3010/_next/static/chunks/node_modules_next_dist_compiled_a0e4c7b4._.js:391:33
    at Set.forEach (<anonymous>)
    at Object.performReactRefresh (http://localhost:3010/_next/static/chunks/node_modules_next_dist_compiled_a0e4c7b4._.js:384:38)
    at applyUpdate (http://localhost:3010/_next/static/chunks/node_modules_next_dist_compiled_a0e4c7b4._.js:878:31)
    at http://localhost:3010/_next/static/chunks/node_modules_next_dist_compiled_a0e4c7b4._.js:886:13 The above error occurred in the <CraftsmanshipSection> component. It was handled by the <ErrorBoundaryHandler> error boundary. @ http://localhost:3010/_next/static/chunks/node_modules_next_dist_client_17643121._.js:1342
[21936266ms] [ERROR] Failed to load resource: net::ERR_CONNECTION_RESET @ http://localhost:3010/_next/static/chunks/src_app_globals_91e4631d.css:0
[21936268ms] undefined
[21936274ms] [ERROR] Failed to load resource: net::ERR_CONNECTION_REFUSED @ http://localhost:3010/__nextjs_original-stack-frames:0
[21937263ms] [ERROR] WebSocket connection to 'ws://localhost:3010/_next/webpack-hmr?id=n32OY_rC7toIVwml7pmxb' failed: Error in connection establishment: net::ERR_CONNECTION_REFUSED @ http://localhost:3010/_next/static/chunks/node_modules_next_dist_client_17643121._.js:10878
[21938265ms] [ERROR] WebSocket connection to 'ws://localhost:3010/_next/webpack-hmr?id=n32OY_rC7toIVwml7pmxb' failed: Error in connection establishment: net::ERR_CONNECTION_REFUSED @ http://localhost:3010/_next/static/chunks/node_modules_next_dist_client_17643121._.js:10878
[21939266ms] [ERROR] WebSocket connection to 'ws://localhost:3010/_next/webpack-hmr?id=n32OY_rC7toIVwml7pmxb' failed: Error in connection establishment: net::ERR_CONNECTION_REFUSED @ http://localhost:3010/_next/static/chunks/node_modules_next_dist_client_17643121._.js:10878
[21940268ms] [ERROR] WebSocket connection to 'ws://localhost:3010/_next/webpack-hmr?id=n32OY_rC7toIVwml7pmxb' failed: Error in connection establishment: net::ERR_CONNECTION_REFUSED @ http://localhost:3010/_next/static/chunks/node_modules_next_dist_client_17643121._.js:10878
[29905254ms] [ERROR] WebSocket connection to 'ws://localhost:3010/_next/webpack-hmr?id=7cjwnbAp1wYoUUGIm-kTw' failed: Error in connection establishment: net::ERR_CONNECTION_REFUSED @ http://localhost:3010/_next/static/chunks/node_modules_next_dist_client_17643121._.js:10878
[29906255ms] [ERROR] WebSocket connection to 'ws://localhost:3010/_next/webpack-hmr?id=7cjwnbAp1wYoUUGIm-kTw' failed: Error in connection establishment: net::ERR_CONNECTION_REFUSED @ http://localhost:3010/_next/static/chunks/node_modules_next_dist_client_17643121._.js:10878
[29907257ms] [ERROR] WebSocket connection to 'ws://localhost:3010/_next/webpack-hmr?id=7cjwnbAp1wYoUUGIm-kTw' failed: Error in connection establishment: net::ERR_CONNECTION_REFUSED @ http://localhost:3010/_next/static/chunks/node_modules_next_dist_client_17643121._.js:10878
[29908258ms] [ERROR] WebSocket connection to 'ws://localhost:3010/_next/webpack-hmr?id=7cjwnbAp1wYoUUGIm-kTw' failed: Error in connection establishment: net::ERR_CONNECTION_REFUSED @ http://localhost:3010/_next/static/chunks/node_modules_next_dist_client_17643121._.js:10878
[29909260ms] [ERROR] WebSocket connection to 'ws://localhost:3010/_next/webpack-hmr?id=7cjwnbAp1wYoUUGIm-kTw' failed: Error in connection establishment: net::ERR_CONNECTION_REFUSED @ http://localhost:3010/_next/static/chunks/node_modules_next_dist_client_17643121._.js:10878
[29914265ms] [ERROR] WebSocket connection to 'ws://localhost:3010/_next/webpack-hmr?id=7cjwnbAp1wYoUUGIm-kTw' failed: Error in connection establishment: net::ERR_CONNECTION_REFUSED @ http://localhost:3010/_next/static/chunks/node_modules_next_dist_client_17643121._.js:10878
[29919269ms] [ERROR] WebSocket connection to 'ws://localhost:3010/_next/webpack-hmr?id=7cjwnbAp1wYoUUGIm-kTw' failed: Error in connection establishment: net::ERR_CONNECTION_REFUSED @ http://localhost:3010/_next/static/chunks/node_modules_next_dist_client_17643121._.js:10878
[29924283ms] [ERROR] WebSocket connection to 'ws://localhost:3010/_next/webpack-hmr?id=7cjwnbAp1wYoUUGIm-kTw' failed: Error in connection establishment: net::ERR_CONNECTION_REFUSED @ http://localhost:3010/_next/static/chunks/node_modules_next_dist_client_17643121._.js:10878
[29929322ms] [ERROR] WebSocket connection to 'ws://localhost:3010/_next/webpack-hmr?id=7cjwnbAp1wYoUUGIm-kTw' failed: Error in connection establishment: net::ERR_CONNECTION_REFUSED @ http://localhost:3010/_next/static/chunks/node_modules_next_dist_client_17643121._.js:10878
[29934399ms] [ERROR] WebSocket connection to 'ws://localhost:3010/_next/webpack-hmr?id=7cjwnbAp1wYoUUGIm-kTw' failed: Error in connection establishment: net::ERR_CONNECTION_REFUSED @ http://localhost:3010/_next/static/chunks/node_modules_next_dist_client_17643121._.js:10878
[29939517ms] [ERROR] WebSocket connection to 'ws://localhost:3010/_next/webpack-hmr?id=7cjwnbAp1wYoUUGIm-kTw' failed: Error in connection establishment: net::ERR_CONNECTION_REFUSED @ http://localhost:3010/_next/static/chunks/node_modules_next_dist_client_17643121._.js:10878
[29944772ms] [ERROR] WebSocket connection to 'ws://localhost:3010/_next/webpack-hmr?id=7cjwnbAp1wYoUUGIm-kTw' failed: Error in connection establishment: net::ERR_CONNECTION_REFUSED @ http://localhost:3010/_next/static/chunks/node_modules_next_dist_client_17643121._.js:10878
